This file contains any messages produced by compilers while
running configure, to aid debugging if configure makes a mistake.

It was created by SoundTouch configure 1.7.0, which was
generated by GNU Autoconf 2.68.  Invocation command line was

  $ ./configure 

## --------- ##
## Platform. ##
## --------- ##

hostname = ma
uname -m = i686
uname -r = 1.7.16(0.262/5/3)
uname -s = CYGWIN_NT-5.1
uname -v = 2012-07-20 22:55

/usr/bin/uname -p = unknown
/bin/uname -X     = unknown

/bin/arch              = i686
/usr/bin/arch -k       = unknown
/usr/convex/getsysinfo = unknown
/usr/bin/hostinfo      = unknown
/bin/machine           = unknown
/usr/bin/oslevel       = unknown
/bin/universe          = unknown

PATH: /usr/local/bin
PATH: /usr/bin
PATH: /usr/bin
PATH: /cygdrive/d/Program Files/Borland/Delphi7/Bin
PATH: /cygdrive/d/Program Files/Borland/Delphi7/Projects/Bpl
PATH: /cygdrive/c/WINDOWS/system32
PATH: /cygdrive/c/WINDOWS
PATH: /cygdrive/c/WINDOWS/System32/Wbem
PATH: /cygdrive/c/Program Files/Java/jdk1.7.0_03/bin
PATH: /cygdrive/c/Program Files/Java/jdk1.7.0_03/jre/bin
PATH: /cygdrive/d/Program Files/Android/android-sdk_m5-rc15_windows/tools
PATH: /cygdrive/e/android-sdk-windows/platform-tools
PATH: /cygdrive/c/Program Files/Microsoft SQL Server/100/Tools/Binn
PATH: /cygdrive/c/Program Files/Microsoft SQL Server/100/DTS/Binn
PATH: /usr/bin
PATH: /cygdrive/c/Program Files/IDM Computer Solutions/UltraEdit


## ----------- ##
## Core tests. ##
## ----------- ##

configure:2410: checking for a BSD-compatible install
configure:2478: result: /usr/bin/install -c
configure:2489: checking whether build environment is sane
configure:2526: result: yes
configure:2653: checking for a thread-safe mkdir -p
configure:2692: result: /usr/bin/mkdir -p
configure:2705: checking for gawk
configure:2721: found /usr/bin/gawk
configure:2732: result: gawk
configure:2743: checking whether make sets $(MAKE)
configure:2765: result: yes
configure:2947: checking for g++
configure:2963: found /usr/bin/g++
configure:2974: result: g++
configure:3001: checking for C++ compiler version
configure:3010: g++ --version >&5
g++ (GCC) 4.5.3
Copyright (C) 2010 Free Software Foundation, Inc.
This is free software; see the source for copying conditions.  There is NO
warranty; not even for MERCHANTABILITY or FITNESS FOR A PARTICULAR PURPOSE.

configure:3021: $? = 0
configure:3010: g++ -v >&5
Using built-in specs.
COLLECT_GCC=g++
COLLECT_LTO_WRAPPER=/usr/lib/gcc/i686-pc-cygwin/4.5.3/lto-wrapper.exe
Target: i686-pc-cygwin
Configured with: /gnu/gcc/releases/respins/4.5.3-3/gcc4-4.5.3-3/src/gcc-4.5.3/configure --srcdir=/gnu/gcc/releases/respins/4.5.3-3/gcc4-4.5.3-3/src/gcc-4.5.3 --prefix=/usr --exec-prefix=/usr --bindir=/usr/bin --sbindir=/usr/sbin --libexecdir=/usr/lib --datadir=/usr/share --localstatedir=/var --sysconfdir=/etc --datarootdir=/usr/share --docdir=/usr/share/doc/gcc4 -C --datadir=/usr/share --infodir=/usr/share/info --mandir=/usr/share/man -v --with-gmp=/usr --with-mpfr=/usr --enable-bootstrap --enable-version-specific-runtime-libs --libexecdir=/usr/lib --enable-static --enable-shared --enable-shared-libgcc --disable-__cxa_atexit --with-gnu-ld --with-gnu-as --with-dwarf2 --disable-sjlj-exceptions --enable-languages=ada,c,c++,fortran,java,lto,objc,obj-c++ --enable-graphite --enable-lto --enable-java-awt=gtk --disable-symvers --enable-libjava --program-suffix=-4 --enable-libgomp --enable-libssp --enable-libada --enable-threads=posix --with-arch=i686 --with-tune=generic --enable-libgcj-sublibs CC=gcc-4 CXX=g++-4 CC_FOR_TARGET=gcc-4 CXX_FOR_TARGET=g++-4 GNATMAKE_FOR_TARGET=gnatmake GNATBIND_FOR_TARGET=gnatbind --with-ecj-jar=/usr/share/java/ecj.jar
Thread model: posix
gcc version 4.5.3 (GCC) 
configure:3021: $? = 0
configure:3010: g++ -V >&5
g++: '-V' option must have argument
configure:3021: $? = 1
configure:3010: g++ -qversion >&5
g++: unrecognized option '-qversion'
g++: no input files
configure:3021: $? = 1
configure:3041: checking whether the C++ compiler works
configure:3063: g++    conftest.cpp  >&5
configure:3067: $? = 0
configure:3115: result: yes
configure:3118: checking for C++ compiler default output file name
configure:3120: result: a.exe
configure:3126: checking for suffix of executables
configure:3133: g++ -o conftest.exe    conftest.cpp  >&5
configure:3137: $? = 0
configure:3159: result: .exe
configure:3181: checking whether we are cross compiling
configure:3189: g++ -o conftest.exe    conftest.cpp  >&5
configure:3193: $? = 0
configure:3200: ./conftest.exe
configure:3204: $? = 0
configure:3219: result: no
configure:3224: checking for suffix of object files
configure:3246: g++ -c   conftest.cpp >&5
configure:3250: $? = 0
configure:3271: result: o
configure:3275: checking whether we are using the GNU C++ compiler
configure:3294: g++ -c   conftest.cpp >&5
configure:3294: $? = 0
configure:3303: result: yes
configure:3312: checking whether g++ accepts -g
configure:3332: g++ -c -g  conftest.cpp >&5
configure:3332: $? = 0
configure:3373: result: yes
configure:3407: checking for style of include used by make
configure:3435: result: GNU
configure:3460: checking dependency style of g++
configure:3570: result: gcc3
configure:3634: checking for gcc
configure:3650: found /usr/bin/gcc
configure:3661: result: gcc
configure:3890: checking for C compiler version
configure:3899: gcc --version >&5
gcc (GCC) 4.5.3
Copyright (C) 2010 Free Software Foundation, Inc.
This is free software; see the source for copying conditions.  There is NO
warranty; not even for MERCHANTABILITY or FITNESS FOR A PARTICULAR PURPOSE.

configure:3910: $? = 0
configure:3899: gcc -v >&5
Using built-in specs.
COLLECT_GCC=gcc
COLLECT_LTO_WRAPPER=/usr/lib/gcc/i686-pc-cygwin/4.5.3/lto-wrapper.exe
Target: i686-pc-cygwin
Configured with: /gnu/gcc/releases/respins/4.5.3-3/gcc4-4.5.3-3/src/gcc-4.5.3/configure --srcdir=/gnu/gcc/releases/respins/4.5.3-3/gcc4-4.5.3-3/src/gcc-4.5.3 --prefix=/usr --exec-prefix=/usr --bindir=/usr/bin --sbindir=/usr/sbin --libexecdir=/usr/lib --datadir=/usr/share --localstatedir=/var --sysconfdir=/etc --datarootdir=/usr/share --docdir=/usr/share/doc/gcc4 -C --datadir=/usr/share --infodir=/usr/share/info --mandir=/usr/share/man -v --with-gmp=/usr --with-mpfr=/usr --enable-bootstrap --enable-version-specific-runtime-libs --libexecdir=/usr/lib --enable-static --enable-shared --enable-shared-libgcc --disable-__cxa_atexit --with-gnu-ld --with-gnu-as --with-dwarf2 --disable-sjlj-exceptions --enable-languages=ada,c,c++,fortran,java,lto,objc,obj-c++ --enable-graphite --enable-lto --enable-java-awt=gtk --disable-symvers --enable-libjava --program-suffix=-4 --enable-libgomp --enable-libssp --enable-libada --enable-threads=posix --with-arch=i686 --with-tune=generic --enable-libgcj-sublibs CC=gcc-4 CXX=g++-4 CC_FOR_TARGET=gcc-4 CXX_FOR_TARGET=g++-4 GNATMAKE_FOR_TARGET=gnatmake GNATBIND_FOR_TARGET=gnatbind --with-ecj-jar=/usr/share/java/ecj.jar
Thread model: posix
gcc version 4.5.3 (GCC) 
configure:3910: $? = 0
configure:3899: gcc -V >&5
gcc: '-V' option must have argument
configure:3910: $? = 1
configure:3899: gcc -qversion >&5
gcc: unrecognized option '-qversion'
gcc: no input files
configure:3910: $? = 1
configure:3914: checking whether we are using the GNU C compiler
configure:3933: gcc -c   conftest.c >&5
configure:3933: $? = 0
configure:3942: result: yes
configure:3951: checking whether gcc accepts -g
configure:3971: gcc -c -g  conftest.c >&5
configure:3971: $? = 0
configure:4012: result: yes
configure:4029: checking for gcc option to accept ISO C89
configure:4093: gcc  -c -g -O2  conftest.c >&5
configure:4093: $? = 0
configure:4106: result: none needed
configure:4128: checking dependency style of gcc
configure:4238: result: gcc3
configure:4258: checking how to run the C preprocessor
configure:4289: gcc -E  conftest.c
configure:4289: $? = 0
configure:4303: gcc -E  conftest.c
conftest.c:11:28: fatal error: ac_nonexistent.h: No such file or directory
compilation terminated.
configure:4303: $? = 1
configure: failed program was:
| /* confdefs.h */
| #define PACKAGE_NAME "SoundTouch"
| #define PACKAGE_TARNAME "soundtouch"
| #define PACKAGE_VERSION "1.7.0"
| #define PACKAGE_STRING "SoundTouch 1.7.0"
| #define PACKAGE_BUGREPORT "http://www.surina.net/soundtouch"
| #define PACKAGE_URL ""
| #define PACKAGE "soundtouch"
| #define VERSION "1.7.0"
| /* end confdefs.h.  */
| #include <ac_nonexistent.h>
configure:4328: result: gcc -E
configure:4348: gcc -E  conftest.c
configure:4348: $? = 0
configure:4362: gcc -E  conftest.c
conftest.c:11:28: fatal error: ac_nonexistent.h: No such file or directory
compilation terminated.
configure:4362: $? = 1
configure: failed program was:
| /* confdefs.h */
| #define PACKAGE_NAME "SoundTouch"
| #define PACKAGE_TARNAME "soundtouch"
| #define PACKAGE_VERSION "1.7.0"
| #define PACKAGE_STRING "SoundTouch 1.7.0"
| #define PACKAGE_BUGREPORT "http://www.surina.net/soundtouch"
| #define PACKAGE_URL ""
| #define PACKAGE "soundtouch"
| #define VERSION "1.7.0"
| /* end confdefs.h.  */
| #include <ac_nonexistent.h>
configure:4395: checking how to run the C++ preprocessor
configure:4422: g++ -E  conftest.cpp
configure:4422: $? = 0
configure:4436: g++ -E  conftest.cpp
conftest.cpp:11:28: fatal error: ac_nonexistent.h: No such file or directory
compilation terminated.
configure:4436: $? = 1
configure: failed program was:
| /* confdefs.h */
| #define PACKAGE_NAME "SoundTouch"
| #define PACKAGE_TARNAME "soundtouch"
| #define PACKAGE_VERSION "1.7.0"
| #define PACKAGE_STRING "SoundTouch 1.7.0"
| #define PACKAGE_BUGREPORT "http://www.surina.net/soundtouch"
| #define PACKAGE_URL ""
| #define PACKAGE "soundtouch"
| #define VERSION "1.7.0"
| /* end confdefs.h.  */
| #include <ac_nonexistent.h>
configure:4461: result: g++ -E
configure:4481: g++ -E  conftest.cpp
configure:4481: $? = 0
configure:4495: g++ -E  conftest.cpp
conftest.cpp:11:28: fatal error: ac_nonexistent.h: No such file or directory
compilation terminated.
configure:4495: $? = 1
configure: failed program was:
| /* confdefs.h */
| #define PACKAGE_NAME "SoundTouch"
| #define PACKAGE_TARNAME "soundtouch"
| #define PACKAGE_VERSION "1.7.0"
| #define PACKAGE_STRING "SoundTouch 1.7.0"
| #define PACKAGE_BUGREPORT "http://www.surina.net/soundtouch"
| #define PACKAGE_URL ""
| #define PACKAGE "soundtouch"
| #define VERSION "1.7.0"
| /* end confdefs.h.  */
| #include <ac_nonexistent.h>
configure:4525: checking whether make sets $(MAKE)
configure:4547: result: yes
configure:4586: checking build system type
configure:4600: result: i686-pc-cygwin
configure:4620: checking host system type
configure:4633: result: i686-pc-cygwin
configure:4674: checking how to print strings
configure:4701: result: printf
configure:4722: checking for a sed that does not truncate output
configure:4786: result: /usr/bin/sed
configure:4804: checking for grep that handles long lines and -e
configure:4862: result: /usr/bin/grep
configure:4867: checking for egrep
configure:4929: result: /usr/bin/grep -E
configure:4934: checking for fgrep
configure:4996: result: /usr/bin/grep -F
configure:5031: checking for ld used by gcc
configure:5098: result: /usr/i686-pc-cygwin/bin/ld.exe
configure:5105: checking if the linker (/usr/i686-pc-cygwin/bin/ld.exe) is GNU ld
configure:5120: result: yes
configure:5132: checking for BSD- or MS-compatible name lister (nm)
configure:5181: result: /usr/bin/nm -B
configure:5311: checking the name lister (/usr/bin/nm -B) interface
configure:5318: g++ -c -g -O2  conftest.cpp >&5
configure:5321: /usr/bin/nm -B "conftest.o"
configure:5324: output
00000000 b .bss
00000000 d .data
00000000 N .debug_abbrev
00000000 N .debug_info
00000000 N .debug_line
00000000 N .debug_pubnames
00000000 t .text
00000000 B _some_variable
configure:5331: result: BSD nm
configure:5334: checking whether ln -s works
configure:5338: result: yes
configure:5346: checking the maximum length of command line arguments
configure:5471: result: 8192
configure:5488: checking whether the shell understands some XSI constructs
configure:5498: result: yes
configure:5502: checking whether the shell understands "+="
configure:5508: result: yes
configure:5543: checking how to convert i686-pc-cygwin file names to i686-pc-cygwin format
configure:5583: result: func_convert_file_noop
configure:5590: checking how to convert i686-pc-cygwin file names to toolchain format
configure:5610: result: func_convert_file_noop
configure:5617: checking for /usr/i686-pc-cygwin/bin/ld.exe option to reload object files
configure:5624: result: -r
configure:5698: checking for objdump
configure:5714: found /usr/bin/objdump
configure:5725: result: objdump
configure:5757: checking how to recognize dependent libraries
configure:5959: result: file_magic ^x86 archive import|^x86 DLL
configure:6044: checking for dlltool
configure:6060: found /usr/bin/dlltool
configure:6071: result: dlltool
configure:6104: checking how to associate runtime and link libraries
configure:6131: result: func_cygming_dll_for_implib
configure:6192: checking for ar
configure:6208: found /usr/bin/ar
configure:6219: result: ar
configure:6256: checking for archiver @FILE support
configure:6273: g++ -c -g -O2  conftest.cpp >&5
configure:6273: $? = 0
configure:6276: ar cru libconftest.a @conftest.lst >&5
configure:6279: $? = 0
configure:6284: ar cru libconftest.a @conftest.lst >&5
ar: conftest.o: No such file or directory
configure:6287: $? = 1
configure:6299: result: @
configure:6357: checking for strip
configure:6373: found /usr/bin/strip
configure:6384: result: strip
configure:6456: checking for ranlib
configure:6472: found /usr/bin/ranlib
configure:6483: result: ranlib
configure:6585: checking command to parse /usr/bin/nm -B output from gcc object
configure:6704: g++ -c -g -O2  conftest.cpp >&5
configure:6707: $? = 0
configure:6711: /usr/bin/nm -B conftest.o \| sed -n -e 's/^.*[ ]\([ABCDGIRSTW][ABCDGIRSTW]*\)[ ][ ]*\([_A-Za-z][_A-Za-z0-9]*\)$/\1 \2 \2/p' | sed '/ __gnu_lto/d' \> conftest.nm
configure:6714: $? = 0
cannot find nm_test_var in conftest.nm
configure:6704: g++ -c -g -O2  conftest.cpp >&5
configure:6707: $? = 0
configure:6711: /usr/bin/nm -B conftest.o \| sed -n -e 's/^.*[ ]\([ABCDGIRSTW][ABCDGIRSTW]*\)[ ][ ]*_\([_A-Za-z][_A-Za-z0-9]*\)$/\1 _\2 \2/p' | sed '/ __gnu_lto/d' \> conftest.nm
configure:6714: $? = 0
configure:6780: g++ -o conftest.exe -g -O2   conftest.cpp conftstm.o >&5
configure:6783: $? = 0
configure:6821: result: ok
configure:6858: checking for sysroot
configure:6888: result: no
configure:7132: checking for mt
configure:7162: result: no
configure:7182: checking if : is a manifest tool
configure:7188: : '-?'
configure:7196: result: no
configure:7824: checking for ANSI C header files
configure:7844: g++ -c -g -O2  conftest.cpp >&5
configure:7844: $? = 0
configure:7917: g++ -o conftest.exe -g -O2   conftest.cpp  >&5
configure:7917: $? = 0
configure:7917: ./conftest.exe
configure:7917: $? = 0
configure:7928: result: yes
configure:7941: checking for sys/types.h
configure:7941: g++ -c -g -O2  conftest.cpp >&5
configure:7941: $? = 0
configure:7941: result: yes
configure:7941: checking for sys/stat.h
configure:7941: g++ -c -g -O2  conftest.cpp >&5
configure:7941: $? = 0
configure:7941: result: yes
configure:7941: checking for stdlib.h
configure:7941: g++ -c -g -O2  conftest.cpp >&5
configure:7941: $? = 0
configure:7941: result: yes
configure:7941: checking for string.h
configure:7941: g++ -c -g -O2  conftest.cpp >&5
configure:7941: $? = 0
configure:7941: result: yes
configure:7941: checking for memory.h
configure:7941: g++ -c -g -O2  conftest.cpp >&5
configure:7941: $? = 0
configure:7941: result: yes
configure:7941: checking for strings.h
configure:7941: g++ -c -g -O2  conftest.cpp >&5
configure:7941: $? = 0
configure:7941: result: yes
configure:7941: checking for inttypes.h
configure:7941: g++ -c -g -O2  conftest.cpp >&5
configure:7941: $? = 0
configure:7941: result: yes
configure:7941: checking for stdint.h
configure:7941: g++ -c -g -O2  conftest.cpp >&5
configure:7941: $? = 0
configure:7941: result: yes
configure:7941: checking for unistd.h
configure:7941: g++ -c -g -O2  conftest.cpp >&5
configure:7941: $? = 0
configure:7941: result: yes
configure:7955: checking for dlfcn.h
configure:7955: g++ -c -g -O2  conftest.cpp >&5
configure:7955: $? = 0
configure:7955: result: yes
configure:8122: checking for objdir
configure:8137: result: .libs
configure:8408: checking if gcc supports -fno-rtti -fno-exceptions
configure:8426: gcc -c -g -O2  -fno-rtti -fno-exceptions conftest.c >&5
cc1: warning: command line option "-fno-rtti" is valid for C++/ObjC++ but not for C
configure:8430: $? = 0
configure:8443: result: no
configure:8753: checking for gcc option to produce PIC
configure:8760: result: -DDLL_EXPORT -DPIC
configure:8768: checking if gcc PIC flag -DDLL_EXPORT -DPIC works
configure:8786: gcc -c -g -O2  -DDLL_EXPORT -DPIC -DPIC conftest.c >&5
configure:8790: $? = 0
configure:8803: result: yes
configure:8832: checking if gcc static flag -static works
configure:8860: result: yes
configure:8875: checking if gcc supports -c -o file.o
configure:8896: gcc -c -g -O2  -o out/conftest2.o conftest.c >&5
configure:8900: $? = 0
configure:8922: result: yes
configure:8930: checking if gcc supports -c -o file.o
configure:8977: result: yes
configure:9010: checking whether the gcc linker (/usr/i686-pc-cygwin/bin/ld.exe) supports shared libraries
configure:10168: result: yes
configure:10205: checking whether -lc should be explicitly linked in
configure:10213: gcc -c -g -O2  conftest.c >&5
configure:10216: $? = 0
configure:10231: gcc -shared conftest.o  -v -o ./conftest -Wl,--enable-auto-image-base -Xlinker --out-implib -Xlinker conftest 2\>\&1 \| /usr/bin/grep  -lc  \>/dev/null 2\>\&1
configure:10234: $? = 1
configure:10248: result: yes
configure:10413: checking dynamic linker characteristics
configure:11149: result: Win32 ld.exe
configure:11256: checking how to hardcode library paths into programs
configure:11281: result: immediate
configure:11821: checking whether stripping libraries is possible
configure:11826: result: yes
configure:11861: checking if libtool supports shared libraries
configure:11863: result: yes
configure:11866: checking whether to build shared libraries
configure:11887: result: yes
configure:11890: checking whether to build static libraries
configure:11894: result: no
configure:11917: checking how to run the C++ preprocessor
configure:11983: result: g++ -E
configure:12003: g++ -E  conftest.cpp
configure:12003: $? = 0
configure:12017: g++ -E  conftest.cpp
conftest.cpp:23:28: fatal error: ac_nonexistent.h: No such file or directory
compilation terminated.
configure:12017: $? = 1
configure: failed program was:
| /* confdefs.h */
| #define PACKAGE_NAME "SoundTouch"
| #define PACKAGE_TARNAME "soundtouch"
| #define PACKAGE_VERSION "1.7.0"
| #define PACKAGE_STRING "SoundTouch 1.7.0"
| #define PACKAGE_BUGREPORT "http://www.surina.net/soundtouch"
| #define PACKAGE_URL ""
| #define PACKAGE "soundtouch"
| #define VERSION "1.7.0"
| #define STDC_HEADERS 1
| #define HAVE_SYS_TYPES_H 1
| #define HAVE_SYS_STAT_H 1
| #define HAVE_STDLIB_H 1
| #define HAVE_STRING_H 1
| #define HAVE_MEMORY_H 1
| #define HAVE_STRINGS_H 1
| #define HAVE_INTTYPES_H 1
| #define HAVE_STDINT_H 1
| #define HAVE_UNISTD_H 1
| #define HAVE_DLFCN_H 1
| #define LT_OBJDIR ".libs/"
| /* end confdefs.h.  */
| #include <ac_nonexistent.h>
configure:12187: checking for ld used by g++
configure:12254: result: /usr/i686-pc-cygwin/bin/ld.exe
configure:12261: checking if the linker (/usr/i686-pc-cygwin/bin/ld.exe) is GNU ld
configure:12276: result: yes
configure:12331: checking whether the g++ linker (/usr/i686-pc-cygwin/bin/ld.exe) supports shared libraries
configure:13335: result: yes
configure:13370: g++ -c -g -O2  conftest.cpp >&5
configure:13373: $? = 0
configure:13893: checking for g++ option to produce PIC
configure:13900: result: -DDLL_EXPORT -DPIC
configure:13908: checking if g++ PIC flag -DDLL_EXPORT -DPIC works
configure:13926: g++ -c -g -O2  -DDLL_EXPORT -DPIC -DPIC conftest.cpp >&5
configure:13930: $? = 0
configure:13943: result: yes
configure:13966: checking if g++ static flag -static works
configure:13994: result: yes
configure:14006: checking if g++ supports -c -o file.o
configure:14027: g++ -c -g -O2  -o out/conftest2.o conftest.cpp >&5
configure:14031: $? = 0
configure:14053: result: yes
configure:14058: checking if g++ supports -c -o file.o
configure:14105: result: yes
configure:14135: checking whether the g++ linker (/usr/i686-pc-cygwin/bin/ld.exe) supports shared libraries
configure:14169: result: yes
configure:14312: checking dynamic linker characteristics
configure:14982: result: Win32 ld.exe
configure:15035: checking how to hardcode library paths into programs
configure:15060: result: immediate
configure:15123: checking for ANSI C header files
configure:15227: result: yes
configure:15239: checking cpuid.h usability
configure:15239: g++ -c -g -O2  conftest.cpp >&5
configure:15239: $? = 0
configure:15239: result: yes
configure:15239: checking cpuid.h presence
configure:15239: g++ -E  conftest.cpp
configure:15239: $? = 0
configure:15239: result: yes
configure:15239: checking for cpuid.h
configure:15239: result: yes
configure:15260: checking for an ANSI C-conforming const
configure:15325: g++ -c -g -O2  conftest.cpp >&5
configure:15325: $? = 0
configure:15332: result: yes
configure:15340: checking for inline
configure:15356: g++ -c -g -O2  conftest.cpp >&5
configure:15356: $? = 0
configure:15364: result: inline
configure:15455: g++ -c -mmmx -Winline -g -O2  conftest.cpp >&5
configure:15455: $? = 0
configure:15497: g++ -c -msse -Winline -g -O2  conftest.cpp >&5
configure:15497: $? = 0
configure:15555: checking for stdlib.h
configure:15555: result: yes
configure:15565: checking for GNU libc compatible malloc
configure:15589: g++ -o conftest.exe -g -O2   conftest.cpp  >&5
configure:15589: $? = 0
configure:15589: ./conftest.exe
configure:15589: $? = 0
configure:15599: result: yes
configure:15620: checking return type of signal handlers
configure:15638: g++ -c -g -O2  conftest.cpp >&5
conftest.cpp: In function 'int main()':
conftest.cpp:34:27: error: void value not ignored as it ought to be
configure:15638: $? = 1
configure: failed program was:
| /* confdefs.h */
| #define PACKAGE_NAME "SoundTouch"
| #define PACKAGE_TARNAME "soundtouch"
| #define PACKAGE_VERSION "1.7.0"
| #define PACKAGE_STRING "SoundTouch 1.7.0"
| #define PACKAGE_BUGREPORT "http://www.surina.net/soundtouch"
| #define PACKAGE_URL ""
| #define PACKAGE "soundtouch"
| #define VERSION "1.7.0"
| #define STDC_HEADERS 1
| #define HAVE_SYS_TYPES_H 1
| #define HAVE_SYS_STAT_H 1
| #define HAVE_STDLIB_H 1
| #define HAVE_STRING_H 1
| #define HAVE_MEMORY_H 1
| #define HAVE_STRINGS_H 1
| #define HAVE_INTTYPES_H 1
| #define HAVE_STDINT_H 1
| #define HAVE_UNISTD_H 1
| #define HAVE_DLFCN_H 1
| #define LT_OBJDIR ".libs/"
| #define STDC_HEADERS 1
| #define HAVE_CPUID_H 1
| #define SOUNDTOUCH_FLOAT_SAMPLES 1
| #define HAVE_STDLIB_H 1
| #define HAVE_MALLOC 1
| /* end confdefs.h.  */
| #include <sys/types.h>
| #include <signal.h>
| 
| int
| main ()
| {
| return *(signal (0, 0)) (0) == 1;
|   ;
|   return 0;
| }
configure:15645: result: void
configure:15654: checking for sqrt in -lm
configure:15679: g++ -o conftest.exe -g -O2   conftest.cpp -lm   >&5
configure:15679: $? = 0
configure:15688: result: yes
configure:15861: creating ./config.status

## ---------------------- ##
## Running config.status. ##
## ---------------------- ##

This file was extended by SoundTouch config.status 1.7.0, which was
generated by GNU Autoconf 2.68.  Invocation command line was

  CONFIG_FILES    = 
  CONFIG_HEADERS  = 
  CONFIG_LINKS    = 
  CONFIG_COMMANDS = 
  $ ./config.status 

on ma

config.status:1186: creating Makefile
config.status:1186: creating source/Makefile
config.status:1186: creating source/SoundTouch/Makefile
config.status:1186: creating source/SoundStretch/Makefile
config.status:1186: creating include/Makefile
config.status:1186: creating soundtouch.pc
config.status:1186: creating include/soundtouch_config.h
config.status:1415: executing depfiles commands
config.status:1415: executing libtool commands

## ---------------- ##
## Cache variables. ##
## ---------------- ##

ac_cv_build=i686-pc-cygwin
ac_cv_c_compiler_gnu=yes
ac_cv_c_const=yes
ac_cv_c_inline=inline
ac_cv_cxx_compiler_gnu=yes
ac_cv_env_CCC_set=
ac_cv_env_CCC_value=
ac_cv_env_CC_set=
ac_cv_env_CC_value=
ac_cv_env_CFLAGS_set=
ac_cv_env_CFLAGS_value=
ac_cv_env_CPPFLAGS_set=
ac_cv_env_CPPFLAGS_value=
ac_cv_env_CPP_set=
ac_cv_env_CPP_value=
ac_cv_env_CXXCPP_set=
ac_cv_env_CXXCPP_value=
ac_cv_env_CXXFLAGS_set=
ac_cv_env_CXXFLAGS_value=
ac_cv_env_CXX_set=
ac_cv_env_CXX_value=
ac_cv_env_LDFLAGS_set=
ac_cv_env_LDFLAGS_value=
ac_cv_env_LIBS_set=
ac_cv_env_LIBS_value=
ac_cv_env_build_alias_set=
ac_cv_env_build_alias_value=
ac_cv_env_host_alias_set=
ac_cv_env_host_alias_value=
ac_cv_env_target_alias_set=
ac_cv_env_target_alias_value=
ac_cv_exeext=.exe
ac_cv_func_malloc_0_nonnull=yes
ac_cv_header_cpuid_h=yes
ac_cv_header_dlfcn_h=yes
ac_cv_header_inttypes_h=yes
ac_cv_header_memory_h=yes
ac_cv_header_stdc=yes
ac_cv_header_stdint_h=yes
ac_cv_header_stdlib_h=yes
ac_cv_header_string_h=yes
ac_cv_header_strings_h=yes
ac_cv_header_sys_stat_h=yes
ac_cv_header_sys_types_h=yes
ac_cv_header_unistd_h=yes
ac_cv_host=i686-pc-cygwin
ac_cv_lib_m_sqrt=yes
ac_cv_objext=o
ac_cv_path_EGREP='/usr/bin/grep -E'
ac_cv_path_FGREP='/usr/bin/grep -F'
ac_cv_path_GREP=/usr/bin/grep
ac_cv_path_SED=/usr/bin/sed
ac_cv_path_install='/usr/bin/install -c'
ac_cv_path_mkdir=/usr/bin/mkdir
ac_cv_prog_AWK=gawk
ac_cv_prog_CPP='gcc -E'
ac_cv_prog_CXXCPP='g++ -E'
ac_cv_prog_ac_ct_AR=ar
ac_cv_prog_ac_ct_CC=gcc
ac_cv_prog_ac_ct_CXX=g++
ac_cv_prog_ac_ct_DLLTOOL=dlltool
ac_cv_prog_ac_ct_OBJDUMP=objdump
ac_cv_prog_ac_ct_RANLIB=ranlib
ac_cv_prog_ac_ct_STRIP=strip
ac_cv_prog_cc_c89=
ac_cv_prog_cc_g=yes
ac_cv_prog_cxx_g=yes
ac_cv_prog_make_make_set=yes
ac_cv_type_signal=void
am_cv_CC_dependencies_compiler_type=gcc3
am_cv_CXX_dependencies_compiler_type=gcc3
lt_cv_ar_at_file=@
lt_cv_archive_cmds_need_lc=yes
lt_cv_deplibs_check_method='file_magic ^x86 archive import|^x86 DLL'
lt_cv_file_magic_cmd=func_win32_libid
lt_cv_file_magic_test_file=
lt_cv_ld_reload_flag=-r
lt_cv_nm_interface='BSD nm'
lt_cv_objdir=.libs
lt_cv_path_LD=/usr/i686-pc-cygwin/bin/ld.exe
lt_cv_path_LDCXX=/usr/i686-pc-cygwin/bin/ld.exe
lt_cv_path_NM='/usr/bin/nm -B'
lt_cv_path_mainfest_tool=no
lt_cv_prog_compiler_c_o=yes
lt_cv_prog_compiler_c_o_CXX=yes
lt_cv_prog_compiler_pic='-DDLL_EXPORT -DPIC'
lt_cv_prog_compiler_pic_CXX='-DDLL_EXPORT -DPIC'
lt_cv_prog_compiler_pic_works=yes
lt_cv_prog_compiler_pic_works_CXX=yes
lt_cv_prog_compiler_rtti_exceptions=no
lt_cv_prog_compiler_static_works=yes
lt_cv_prog_compiler_static_works_CXX=yes
lt_cv_prog_gnu_ld=yes
lt_cv_prog_gnu_ldcxx=yes
lt_cv_sharedlib_from_linklib_cmd=func_cygming_dll_for_implib
lt_cv_sys_global_symbol_pipe='sed -n -e '\''s/^.*[	 ]\([ABCDGIRSTW][ABCDGIRSTW]*\)[	 ][	 ]*_\([_A-Za-z][_A-Za-z0-9]*\)$/\1 _\2 \2/p'\'' | sed '\''/ __gnu_lto/d'\'''
lt_cv_sys_global_symbol_to_c_name_address='sed -n -e '\''s/^: \([^ ]*\)[ ]*$/  {\"\1\", (void *) 0},/p'\'' -e '\''s/^[ABCDGIRSTW]* \([^ ]*\) \([^ ]*\)$/  {"\2", (void *) \&\2},/p'\'''
lt_cv_sys_global_symbol_to_c_name_address_lib_prefix='sed -n -e '\''s/^: \([^ ]*\)[ ]*$/  {\"\1\", (void *) 0},/p'\'' -e '\''s/^[ABCDGIRSTW]* \([^ ]*\) \(lib[^ ]*\)$/  {"\2", (void *) \&\2},/p'\'' -e '\''s/^[ABCDGIRSTW]* \([^ ]*\) \([^ ]*\)$/  {"lib\2", (void *) \&\2},/p'\'''
lt_cv_sys_global_symbol_to_cdecl='sed -n -e '\''s/^T .* \(.*\)$/extern int \1();/p'\'' -e '\''s/^[ABCDGIRSTW]* .* \(.*\)$/extern char \1;/p'\'''
lt_cv_sys_max_cmd_len=8192
lt_cv_to_host_file_cmd=func_convert_file_noop
lt_cv_to_tool_file_cmd=func_convert_file_noop

## ----------------- ##
## Output variables. ##
## ----------------- ##

ACLOCAL='${SHELL} /cygdrive/f/test1/nonameentername-soundtouch-android-71b7acf/jni/soundtouch/soundtouch/config/missing --run aclocal-1.10'
AMDEPBACKSLASH='\'
AMDEP_FALSE='#'
AMDEP_TRUE=''
AMTAR='${SHELL} /cygdrive/f/test1/nonameentername-soundtouch-android-71b7acf/jni/soundtouch/soundtouch/config/missing --run tar'
AR='ar'
AUTOCONF='${SHELL} /cygdrive/f/test1/nonameentername-soundtouch-android-71b7acf/jni/soundtouch/soundtouch/config/missing --run autoconf'
AUTOHEADER='${SHELL} /cygdrive/f/test1/nonameentername-soundtouch-android-71b7acf/jni/soundtouch/soundtouch/config/missing --run autoheader'
AUTOMAKE='${SHELL} /cygdrive/f/test1/nonameentername-soundtouch-android-71b7acf/jni/soundtouch/soundtouch/config/missing --run automake-1.10'
AWK='gawk'
CC='gcc'
CCDEPMODE='depmode=gcc3'
CFLAGS='-g -O2'
CPP='gcc -E'
CPPFLAGS=''
CXX='g++'
CXXCPP='g++ -E'
CXXDEPMODE='depmode=gcc3'
CXXFLAGS='-g -O2'
CYGPATH_W='cygpath -w'
DEFS='-DHAVE_CONFIG_H'
DEPDIR='.deps'
DLLTOOL='dlltool'
DSYMUTIL=''
DUMPBIN=''
ECHO_C=''
ECHO_N='-n'
ECHO_T=''
EGREP='/usr/bin/grep -E'
EXEEXT='.exe'
FGREP='/usr/bin/grep -F'
GREP='/usr/bin/grep'
HAVE_MMX_FALSE='#'
HAVE_MMX_TRUE=''
HAVE_SSE_FALSE='#'
HAVE_SSE_TRUE=''
INSTALL_DATA='${INSTALL} -m 644'
INSTALL_PROGRAM='${INSTALL}'
INSTALL_SCRIPT='${INSTALL}'
INSTALL_STRIP_PROGRAM='$(install_sh) -c -s'
LD='/usr/i686-pc-cygwin/bin/ld.exe'
LDFLAGS=''
LIBOBJS=''
LIBS='-lm '
LIBTOOL='$(SHELL) $(top_builddir)/libtool'
LIPO=''
LN_S='ln -s'
LTLIBOBJS=''
MAKEINFO='${SHELL} /cygdrive/f/test1/nonameentername-soundtouch-android-71b7acf/jni/soundtouch/soundtouch/config/missing --run makeinfo'
MANIFEST_TOOL=':'
MKDIR_P='/usr/bin/mkdir -p'
NM='/usr/bin/nm -B'
NMEDIT=''
OBJDUMP='objdump'
OBJEXT='o'
OTOOL64=''
OTOOL=''
PACKAGE='soundtouch'
PACKAGE_BUGREPORT='http://www.surina.net/soundtouch'
PACKAGE_NAME='SoundTouch'
PACKAGE_STRING='SoundTouch 1.7.0'
PACKAGE_TARNAME='soundtouch'
PACKAGE_URL=''
PACKAGE_VERSION='1.7.0'
PATH_SEPARATOR=':'
RANLIB='ranlib'
SED='/usr/bin/sed'
SET_MAKE=''
SHELL='/bin/sh'
STRIP='strip'
VERSION='1.7.0'
X86_OPTIMIZATIONS_FALSE='#'
X86_OPTIMIZATIONS_TRUE=''
ac_ct_AR='ar'
ac_ct_CC='gcc'
ac_ct_CXX='g++'
ac_ct_DUMPBIN=''
am__fastdepCC_FALSE='#'
am__fastdepCC_TRUE=''
am__fastdepCXX_FALSE='#'
am__fastdepCXX_TRUE=''
am__include='include'
am__isrc=''
am__leading_dot='.'
am__quote=''
am__tar='${AMTAR} chof - "$$tardir"'
am__untar='${AMTAR} xf -'
bindir='${exec_prefix}/bin'
build='i686-pc-cygwin'
build_alias=''
build_cpu='i686'
build_os='cygwin'
build_vendor='pc'
datadir='${datarootdir}'
datarootdir='${prefix}/share'
docdir='${datarootdir}/doc/${PACKAGE_TARNAME}'
dvidir='${docdir}'
exec_prefix='${prefix}'
host='i686-pc-cygwin'
host_alias=''
host_cpu='i686'
host_os='cygwin'
host_vendor='pc'
htmldir='${docdir}'
includedir='${prefix}/include'
infodir='${datarootdir}/info'
install_sh='$(SHELL) /cygdrive/f/test1/nonameentername-soundtouch-android-71b7acf/jni/soundtouch/soundtouch/config/install-sh'
libdir='${exec_prefix}/lib'
libexecdir='${exec_prefix}/libexec'
localedir='${datarootdir}/locale'
localstatedir='${prefix}/var'
mandir='${datarootdir}/man'
mkdir_p='/usr/bin/mkdir -p'
oldincludedir='/usr/include'
pdfdir='${docdir}'
prefix='/usr/local'
program_transform_name='s,x,x,'
psdir='${docdir}'
sbindir='${exec_prefix}/sbin'
sharedstatedir='${prefix}/com'
sysconfdir='${prefix}/etc'
target_alias=''

## ----------- ##
## confdefs.h. ##
## ----------- ##

/* confdefs.h */
#define PACKAGE_NAME "SoundTouch"
#define PACKAGE_TARNAME "soundtouch"
#define PACKAGE_VERSION "1.7.0"
#define PACKAGE_STRING "SoundTouch 1.7.0"
#define PACKAGE_BUGREPORT "http://www.surina.net/soundtouch"
#define PACKAGE_URL ""
#define PACKAGE "soundtouch"
#define VERSION "1.7.0"
#define STDC_HEADERS 1
#define HAVE_SYS_TYPES_H 1
#define HAVE_SYS_STAT_H 1
#define HAVE_STDLIB_H 1
#define HAVE_STRING_H 1
#define HAVE_MEMORY_H 1
#define HAVE_STRINGS_H 1
#define HAVE_INTTYPES_H 1
#define HAVE_STDINT_H 1
#define HAVE_UNISTD_H 1
#define HAVE_DLFCN_H 1
#define LT_OBJDIR ".libs/"
#define STDC_HEADERS 1
#define HAVE_CPUID_H 1
#define SOUNDTOUCH_FLOAT_SAMPLES 1
#define HAVE_STDLIB_H 1
#define HAVE_MALLOC 1
#define RETSIGTYPE void
#define HAVE_LIBM 1

configure: exit 0
